\BOOKMARK [1][-]{section.1}{\376\377\000A\000.\000\040\000C\000o\000r\000e\000\040\000F\000r\000a\000m\000i\000n\000g\000\040\000a\000n\000d\000\040\000V\000a\000l\000u\000e\000\040\000P\000r\000o\000p\000o\000s\000i\000t\000i\000o\000n}{}% 1
\BOOKMARK [2][-]{subsection.1.1}{\376\377\000A\0001\000.\000\040\000`\000`\000T\000a\000c\000t\000i\000c\000a\000l\000\040\000s\000a\000f\000e\000t\000y\000\040\000n\000e\000t\000'\000'\000\040\000v\000s\000.\000\040\000`\000`\000f\000o\000r\000c\000e\000\040\000m\000u\000l\000t\000i\000p\000l\000i\000e\000r\000'\000'}{section.1}% 2
\BOOKMARK [2][-]{subsection.1.2}{\376\377\000A\0002\000.\000\040\000`\000`\000S\000t\000r\000o\000n\000g\000e\000s\000t\000\040\000w\000h\000e\000r\000e\000\040\000y\000o\000u\000\040\000n\000e\000e\000d\000\040\000i\000t\000\040\000l\000e\000a\000s\000t\000'\000'}{section.1}% 3
\BOOKMARK [2][-]{subsection.1.3}{\376\377\000A\0003\000.\000\040\000B\000a\000s\000e\000l\000i\000n\000e\000\040\000m\000i\000s\000m\000a\000t\000c\000h\000:\000\040\000`\000`\000B\000+\000/\000A\000-\000'\000'\000\040\000v\000s\000\040\000`\000`\000E\000x\000c\000e\000l\000l\000e\000n\000t\000'\000'}{section.1}% 4
\BOOKMARK [2][-]{subsection.1.4}{\376\377\000A\0004\000.\000\040\000V\000a\000l\000u\000e\000\040\000c\000a\000t\000e\000g\000o\000r\000y\000\040\000b\000i\000a\000s\000\040\000\050\000s\000m\000a\000l\000l\000\040\000f\000a\000c\000t\000s\000\040\000v\000s\000\040\000b\000i\000g\000\040\000p\000i\000c\000t\000u\000r\000e\000\051}{section.1}% 5
\BOOKMARK [1][-]{section.2}{\376\377\000B\000.\000\040\000T\000h\000e\000o\000r\000e\000t\000i\000c\000a\000l\000\040\000F\000r\000a\000m\000e\000w\000o\000r\000k\000\040\000a\000n\000d\000\040\000M\000e\000t\000a\000p\000h\000o\000r\000s}{}% 6
\BOOKMARK [2][-]{subsection.2.1}{\376\377\000B\0001\000.\000\040\000M\000a\000p\000-\000t\000e\000r\000r\000i\000t\000o\000r\000y\000\040\000f\000r\000a\000m\000e\000w\000o\000r\000k\000\040\000v\000s\000\040\000a\000l\000t\000e\000r\000n\000a\000t\000i\000v\000e\000s}{section.2}% 7
\BOOKMARK [2][-]{subsection.2.2}{\376\377\000B\0002\000.\000\040\000R\000L\000H\000F\000\040\000a\000n\000a\000l\000o\000g\000y\000:\000\040\000b\000o\000u\000n\000d\000a\000r\000y\000\040\000o\000v\000e\000r\000l\000a\000y\000\040\000v\000s\000\040\000t\000e\000r\000r\000a\000i\000n\000\040\000r\000e\000s\000h\000a\000p\000i\000n\000g}{section.2}% 8
\BOOKMARK [2][-]{subsection.2.3}{\376\377\000B\0003\000.\000\040\000D\000u\000a\000l\000\040\000e\000n\000g\000i\000n\000e\000\040\000v\000s\000\040\000t\000r\000i\000p\000l\000e\000\040\000e\000n\000g\000i\000n\000e}{section.2}% 9
\BOOKMARK [1][-]{section.3}{\376\377\000C\000.\000\040\000C\000o\000r\000r\000e\000l\000a\000t\000i\000o\000n\000,\000\040\000C\000o\000n\000v\000e\000r\000g\000e\000n\000c\000e\000,\000\040\000a\000n\000d\000\040\000I\000n\000d\000e\000p\000e\000n\000d\000e\000n\000c\000e}{}% 10
\BOOKMARK [2][-]{subsection.3.1}{\376\377\000C\0001\000.\000\040\000I\000n\000d\000e\000p\000e\000n\000d\000e\000n\000c\000e\000\040\000o\000f\000\040\000m\000o\000d\000e\000l\000\040\000e\000r\000r\000o\000r\000s}{section.3}% 11
\BOOKMARK [2][-]{subsection.3.2}{\376\377\000C\0002\000.\000\040\000C\000o\000n\000v\000e\000r\000g\000e\000n\000c\000e\000\040\000t\000r\000a\000j\000e\000c\000t\000o\000r\000y}{section.3}% 12
\BOOKMARK [2][-]{subsection.3.3}{\376\377\000C\0003\000.\000\040\000I\000n\000s\000i\000g\000h\000t\000\040\000g\000e\000n\000e\000r\000a\000t\000i\000o\000n\000\040\000v\000s\000\040\000e\000r\000r\000o\000r\000\040\000p\000r\000e\000v\000e\000n\000t\000i\000o\000n\000\040\000d\000e\000g\000r\000a\000d\000a\000t\000i\000o\000n}{section.3}% 13
\BOOKMARK [1][-]{section.4}{\376\377\000D\000.\000\040\000H\000a\000l\000l\000u\000c\000i\000n\000a\000t\000i\000o\000n\000s\000\040\000a\000n\000d\000\040\000F\000a\000c\000t\000u\000a\000l\000\040\000R\000e\000l\000i\000a\000b\000i\000l\000i\000t\000y}{}% 14
\BOOKMARK [2][-]{subsection.4.1}{\376\377\000D\0001\000.\000\040\000S\000t\000o\000c\000h\000a\000s\000t\000i\000c\000\040\000v\000s\000\040\000s\000y\000s\000t\000e\000m\000a\000t\000i\000c\000\040\000h\000a\000l\000l\000u\000c\000i\000n\000a\000t\000i\000o\000n\000s\000\040\000\050\000c\000o\000r\000e\000\040\000q\000u\000e\000s\000t\000i\000o\000n\000\051}{section.4}% 15
\BOOKMARK [2][-]{subsection.4.2}{\376\377\000D\0002\000.\000\040\000C\000o\000n\000f\000a\000b\000u\000l\000a\000t\000e\000d\000\040\000c\000i\000t\000a\000t\000i\000o\000n\000s\000:\000\040\000s\000t\000o\000c\000h\000a\000s\000t\000i\000c\000\040\000o\000r\000\040\000s\000y\000s\000t\000e\000m\000a\000t\000i\000c\000?}{section.4}% 16
\BOOKMARK [2][-]{subsection.4.3}{\376\377\000D\0003\000.\000\040\000Q\000u\000a\000l\000i\000f\000i\000e\000r\000\040\000e\000r\000o\000s\000i\000o\000n\000\040\000a\000s\000\040\000s\000y\000s\000t\000e\000m\000a\000t\000i\000c\000\040\000h\000a\000l\000l\000u\000c\000i\000n\000a\000t\000i\000o\000n}{section.4}% 17
\BOOKMARK [2][-]{subsection.4.4}{\376\377\000D\0004\000.\000\040\000S\000y\000c\000o\000p\000h\000a\000n\000t\000i\000c\000\040\000h\000a\000l\000l\000u\000c\000i\000n\000a\000t\000i\000o\000n}{section.4}% 18
\BOOKMARK [2][-]{subsection.4.5}{\376\377\000D\0005\000.\000\040\000E\000m\000p\000i\000r\000i\000c\000a\000l\000\040\000v\000a\000l\000i\000d\000a\000t\000i\000o\000n\000\040\000g\000a\000p}{section.4}% 19
\BOOKMARK [1][-]{section.5}{\376\377\000E\000.\000\040\000E\000d\000i\000t\000o\000r\000\040\000R\000o\000l\000e\000,\000\040\000A\000u\000t\000h\000o\000r\000i\000t\000y\000,\000\040\000a\000n\000d\000\040\000B\000i\000a\000s}{}% 20
\BOOKMARK [2][-]{subsection.5.1}{\376\377\000E\0001\000.\000\040\000E\000d\000i\000t\000o\000r\000\040\000i\000n\000d\000i\000s\000p\000e\000n\000s\000a\000b\000i\000l\000i\000t\000y}{section.5}% 21
\BOOKMARK [2][-]{subsection.5.2}{\376\377\000E\0002\000.\000\040\000E\000d\000i\000t\000o\000r\000-\000i\000n\000d\000u\000c\000e\000d\000\040\000c\000o\000n\000v\000e\000r\000g\000e\000n\000c\000e}{section.5}% 22
\BOOKMARK [2][-]{subsection.5.3}{\376\377\000E\0003\000.\000\040\000E\000d\000i\000t\000o\000r\000\040\000b\000i\000a\000s\000\040\000/\000\040\000I\000k\000e\000a\000\040\000e\000f\000f\000e\000c\000t}{section.5}% 23
\BOOKMARK [2][-]{subsection.5.4}{\376\377\000E\0004\000.\000\040\000E\000d\000i\000t\000o\000r\000-\000a\000s\000-\000c\000o\000o\000r\000d\000i\000n\000a\000t\000o\000r\000\040\000c\000o\000n\000f\000l\000i\000c\000t}{section.5}% 24
\BOOKMARK [1][-]{section.6}{\376\377\000F\000.\000\040\000C\000r\000o\000s\000s\000-\000R\000e\000v\000i\000e\000w\000\040\000D\000y\000n\000a\000m\000i\000c\000s\000\040\000a\000n\000d\000\040\000P\000i\000p\000e\000l\000i\000n\000e\000\040\000B\000e\000h\000a\000v\000i\000o\000r}{}% 25
\BOOKMARK [2][-]{subsection.6.1}{\376\377\000F\0001\000.\000\040\000R\000e\000v\000i\000e\000w\000\040\000o\000r\000d\000e\000r\000\040\000a\000s\000y\000m\000m\000e\000t\000r\000y}{section.6}% 26
\BOOKMARK [2][-]{subsection.6.2}{\376\377\000F\0002\000.\000\040\000P\000o\000l\000i\000t\000e\000\040\000a\000g\000r\000e\000e\000m\000e\000n\000t\000\040\000a\000n\000d\000\040\000d\000e\000f\000e\000r\000e\000n\000c\000e}{section.6}% 27
\BOOKMARK [2][-]{subsection.6.3}{\376\377\000F\0003\000.\000\040\000C\000r\000o\000s\000s\000-\000r\000e\000v\000i\000e\000w\000\040\000s\000c\000o\000p\000e\000\040\000l\000i\000m\000i\000t\000a\000t\000i\000o\000n\000s}{section.6}% 28
\BOOKMARK [2][-]{subsection.6.4}{\376\377\000F\0004\000.\000\040\000P\000i\000p\000e\000l\000i\000n\000e\000\040\000o\000m\000i\000s\000s\000i\000o\000n\000s\000\040\000a\000n\000d\000\040\000i\000n\000t\000e\000g\000r\000i\000t\000y\000\040\000f\000a\000i\000l\000u\000r\000e\000s}{section.6}% 29
\BOOKMARK [2][-]{subsection.6.5}{\376\377\000F\0005\000.\000\040\000E\000v\000i\000d\000e\000n\000c\000e\000\040\000a\000c\000c\000e\000s\000s\000\040\000a\000s\000y\000m\000m\000e\000t\000r\000y}{section.6}% 30
\BOOKMARK [1][-]{section.7}{\376\377\000G\000.\000\040\000F\000a\000i\000l\000u\000r\000e\000\040\000M\000o\000d\000e\000s\000\040\000a\000n\000d\000\040\000E\000r\000r\000o\000r\000\040\000T\000a\000x\000o\000n\000o\000m\000i\000e\000s}{}% 31
\BOOKMARK [2][-]{subsection.7.1}{\376\377\000G\0001\000.\000\040\000C\000o\000n\000v\000e\000r\000g\000e\000n\000c\000e\000\040\000o\000n\000\040\000s\000h\000a\000r\000e\000d\000\040\000p\000r\000i\000o\000r\000s\000\040\000\050\000h\000i\000g\000h\000e\000s\000t\000\040\000s\000e\000v\000e\000r\000i\000t\000y\000\051}{section.7}% 32
\BOOKMARK [2][-]{subsection.7.2}{\376\377\000G\0002\000.\000\040\000F\000a\000i\000l\000u\000r\000e\000\040\000t\000a\000x\000o\000n\000o\000m\000y\000\040\000c\000o\000r\000r\000e\000c\000t\000i\000o\000n\000\040\000\050\000G\0006\000\040\000v\000i\000e\000w\000b\000o\000x\000\051}{section.7}% 33
\BOOKMARK [2][-]{subsection.7.3}{\376\377\000G\0003\000.\000\040\000C\000o\000n\000t\000e\000n\000t\000\040\000d\000r\000i\000f\000t\000\040\000/\000\040\000q\000u\000a\000l\000i\000f\000i\000e\000r\000\040\000e\000r\000o\000s\000i\000o\000n}{section.7}% 34
\BOOKMARK [2][-]{subsection.7.4}{\376\377\000G\0004\000.\000\040\000I\000n\000s\000t\000r\000u\000c\000t\000i\000o\000n\000\040\000a\000m\000b\000i\000g\000u\000i\000t\000y}{section.7}% 35
\BOOKMARK [2][-]{subsection.7.5}{\376\377\000G\0005\000.\000\040\000N\000o\000\040\000r\000e\000t\000r\000o\000s\000p\000e\000c\000t\000i\000v\000e\000\040\000m\000e\000c\000h\000a\000n\000i\000s\000m}{section.7}% 36
\BOOKMARK [1][-]{section.8}{\376\377\000H\000.\000\040\000O\000u\000t\000p\000u\000t\000-\000Q\000u\000a\000l\000i\000t\000y\000\040\000D\000i\000s\000p\000u\000t\000e\000s\000\040\000\050\000B\000y\000\040\000P\000r\000o\000j\000e\000c\000t\000\051}{}% 37
\BOOKMARK [2][-]{subsection.8.1}{\376\377\000H\0001\000.\000\040\000E\000n\000t\000e\000r\000p\000r\000i\000s\000e\000\040\000H\000e\000a\000l\000t\000h\000c\000a\000r\000e\000\040\040\024\000\040\000A\000D\000T\000-\000t\000o\000-\000E\000M\000R\000\040\000o\000v\000e\000r\000c\000l\000a\000i\000m}{section.8}% 38
\BOOKMARK [2][-]{subsection.8.2}{\376\377\000H\0002\000.\000\040\000E\000n\000t\000e\000r\000p\000r\000i\000s\000e\000\040\000H\000e\000a\000l\000t\000h\000c\000a\000r\000e\000\040\040\024\000\040\000E\000x\000f\000i\000l\000t\000r\000a\000t\000i\000o\000n\000\040\000p\000r\000o\000b\000a\000b\000i\000l\000i\000t\000y\000\040\000m\000a\000t\000h}{section.8}% 39
\BOOKMARK [2][-]{subsection.8.3}{\376\377\000H\0003\000.\000\040\000E\000n\000t\000e\000r\000p\000r\000i\000s\000e\000\040\000H\000e\000a\000l\000t\000h\000c\000a\000r\000e\000\040\040\024\000\040\000A\000D\000\040\000b\000y\000p\000a\000s\000s\000\040\000s\000i\000m\000p\000l\000i\000f\000i\000c\000a\000t\000i\000o\000n}{section.8}% 40
\BOOKMARK [2][-]{subsection.8.4}{\376\377\000H\0004\000.\000\040\000H\000e\000a\000l\000t\000h\000c\000a\000r\000e\000\040\000s\000t\000r\000a\000t\000e\000g\000y\000\040\000g\000a\000p\000s}{section.8}% 41
\BOOKMARK [2][-]{subsection.8.5}{\376\377\000H\0005\000.\000\040\000T\000h\000e\000-\000g\000a\000p\000\040\040\024\000\040\000T\000r\000a\000n\000s\000l\000a\000t\000i\000o\000n\000\040\000t\000a\000b\000l\000e\000\040\000c\000o\000m\000p\000l\000e\000t\000e\000n\000e\000s\000s}{section.8}% 42
\BOOKMARK [2][-]{subsection.8.6}{\376\377\000H\0006\000.\000\040\000T\000h\000e\000-\000g\000a\000p\000\040\040\024\000\040\000P\000r\000o\000t\000e\000s\000t\000a\000n\000t\000\040\000c\000o\000l\000u\000m\000n\000\040\000c\000o\000m\000p\000r\000e\000s\000s\000i\000o\000n}{section.8}% 43
\BOOKMARK [2][-]{subsection.8.7}{\376\377\000H\0007\000.\000\040\000T\000h\000e\000-\000g\000a\000p\000\040\040\024\000\040\000O\000r\000t\000h\000o\000d\000o\000x\000\040\000`\000`\000C\000h\000u\000r\000c\000h\000'\000'\000\040\000e\000n\000t\000r\000y\000\040\000e\000n\000d\000o\000r\000s\000e\000m\000e\000n\000t\000\040\000r\000i\000s\000k}{section.8}% 44
\BOOKMARK [2][-]{subsection.8.8}{\376\377\000H\0008\000.\000\040\000T\000h\000e\000-\000g\000a\000p\000\040\040\024\000\040\000P\000e\000n\000t\000e\000c\000o\000s\000t\000a\000l\000\040\000r\000e\000g\000i\000s\000t\000e\000r\000\040\000a\000s\000y\000m\000m\000e\000t\000r\000y}{section.8}% 45
\BOOKMARK [2][-]{subsection.8.9}{\376\377\000H\0009\000.\000\040\000T\000h\000e\000-\000g\000a\000p\000\040\040\024\000\040\000D\000i\000r\000e\000c\000t\000i\000o\000n\000a\000l\000\040\000r\000e\000l\000i\000e\000f\000\040\000b\000i\000a\000s}{section.8}% 46
\BOOKMARK [2][-]{subsection.8.10}{\376\377\000H\0001\0000\000.\000\040\000T\000h\000e\000-\000g\000a\000p\000\040\040\024\000\040\000E\000c\000u\000m\000e\000n\000i\000c\000a\000l\000\040\000c\000o\000n\000s\000e\000n\000s\000u\000s\000\040\000b\000a\000s\000e\000l\000i\000n\000e}{section.8}% 47
\BOOKMARK [2][-]{subsection.8.11}{\376\377\000H\0001\0001\000.\000\040\000T\000h\000e\000-\000g\000a\000p\000\040\040\024\000\040\000R\000e\000l\000i\000e\000f\000-\000f\000r\000a\000m\000i\000n\000g\000\040\000s\000t\000a\000b\000i\000l\000i\000t\000y\000\040\000p\000r\000o\000b\000l\000e\000m}{section.8}% 48
\BOOKMARK [1][-]{section.9}{\376\377\000I\000.\000\040\000M\000e\000t\000h\000o\000d\000o\000l\000o\000g\000y\000\040\000D\000e\000s\000i\000g\000n\000\040\000D\000i\000s\000p\000u\000t\000e\000s}{}% 49
\BOOKMARK [2][-]{subsection.9.1}{\376\377\000I\0001\000.\000\040\000B\000l\000i\000n\000d\000\040\000S\000t\000a\000g\000e\000\040\0001\000\040\000v\000s\000\040\000P\000r\000e\000-\000m\000o\000r\000t\000e\000m\000\040\000r\000e\000q\000u\000i\000r\000e\000m\000e\000n\000t}{section.9}% 50
\BOOKMARK [2][-]{subsection.9.2}{\376\377\000I\0002\000.\000\040\000M\000o\000d\000e\000l\000\040\000d\000i\000v\000e\000r\000s\000i\000t\000y\000\040\000v\000s\000\040\000p\000r\000o\000m\000p\000t\000\040\000d\000i\000v\000e\000r\000s\000i\000t\000y}{section.9}% 51
\BOOKMARK [2][-]{subsection.9.3}{\376\377\000I\0003\000.\000\040\000O\000p\000t\000i\000m\000a\000l\000\040\000m\000o\000d\000e\000l\000\040\000c\000o\000u\000n\000t}{section.9}% 52
\BOOKMARK [2][-]{subsection.9.4}{\376\377\000I\0004\000.\000\040\000M\000i\000n\000i\000m\000u\000m\000\040\000c\000r\000o\000s\000s\000-\000r\000e\000v\000i\000e\000w}{section.9}% 53
\BOOKMARK [1][-]{section.10}{\376\377\000J\000.\000\040\000M\000e\000t\000a\000-\000C\000o\000n\000v\000e\000r\000g\000e\000n\000c\000e\000\040\000a\000n\000d\000\040\000S\000e\000l\000f\000-\000A\000s\000s\000e\000s\000s\000m\000e\000n\000t\000\040\000R\000i\000s\000k\000s}{}% 54
\BOOKMARK [2][-]{subsection.10.1}{\376\377\000J\0001\000.\000\040\000M\000e\000t\000a\000-\000c\000o\000n\000v\000e\000r\000g\000e\000n\000c\000e\000\040\000o\000n\000\040\000p\000e\000s\000s\000i\000m\000i\000s\000m}{section.10}% 55
\BOOKMARK [2][-]{subsection.10.2}{\376\377\000J\0002\000.\000\040\000`\000`\000M\000e\000t\000h\000o\000d\000\040\000s\000o\000l\000v\000e\000s\000\040\000p\000r\000o\000b\000l\000e\000m\000s\000\040\000i\000t\000\040\000c\000r\000e\000a\000t\000e\000s\000'\000'}{section.10}% 56
\BOOKMARK [1][-]{section.11}{\376\377\000K\000.\000\040\000E\000d\000i\000t\000o\000r\000\040\000v\000s\000\040\000M\000o\000d\000e\000l\000s\000\040\000T\000e\000n\000s\000i\000o\000n\000\040\000\050\000W\000a\000v\000e\000\040\0005\000\040\000E\000x\000p\000l\000i\000c\000i\000t\000\051}{}% 57
\BOOKMARK [2][-]{subsection.11.1}{\376\377\000K\0001\000.\000\040\000M\000o\000d\000e\000l\000s\000'\000\040\000c\000a\000u\000t\000i\000o\000n\000\040\000v\000s\000\040\000e\000d\000i\000t\000o\000r\000'\000s\000\040\000e\000n\000t\000h\000u\000s\000i\000a\000s\000m}{section.11}% 58
\BOOKMARK [2][-]{subsection.11.2}{\376\377\000K\0002\000.\000\040\000N\000e\000g\000a\000t\000i\000v\000i\000t\000y\000\040\000a\000u\000d\000i\000t\000\040\000\050\000s\000y\000s\000t\000e\000m\000a\000t\000i\000c\000\040\000p\000e\000s\000s\000i\000m\000i\000s\000m\000\051}{section.11}% 59
\BOOKMARK [1][-]{section.12}{\376\377\000L\000.\000\040\000O\000p\000e\000n\000\040\000Q\000u\000e\000s\000t\000i\000o\000n\000s\000\040\000\050\000U\000n\000r\000e\000s\000o\000l\000v\000e\000d\000\040\000L\000e\000d\000g\000e\000r\000\051}{}% 60
\BOOKMARK [1][-]{section.13}{\376\377\000M\000.\000\040\000M\000e\000t\000h\000o\000d\000-\000L\000e\000v\000e\000l\000\040\000C\000r\000i\000t\000i\000c\000i\000s\000m\000s\000\040\000\050\000R\000e\000t\000a\000i\000n\000e\000d\000\051}{}% 61
\BOOKMARK [1][-]{section.14}{\376\377\000N\000.\000\040\000E\000v\000i\000d\000e\000n\000c\000e\000\040\000D\000i\000s\000a\000g\000r\000e\000e\000m\000e\000n\000t\000s\000\040\000T\000h\000a\000t\000\040\000R\000e\000m\000a\000i\000n}{}% 62
\BOOKMARK [2][-]{subsection.14.1}{\376\377\000N\0001\000.\000\040\000S\000p\000e\000c\000i\000f\000i\000c\000s\000\040\000o\000f\000\040\000h\000a\000l\000l\000u\000c\000i\000n\000a\000t\000i\000o\000n\000\040\000c\000o\000r\000r\000e\000l\000a\000t\000i\000o\000n}{section.14}% 63
\BOOKMARK [2][-]{subsection.14.2}{\376\377\000N\0002\000.\000\040\000`\000`\0008\0000\040\023\0009\0000\000\045\000\040\000o\000f\000\040\000s\000p\000e\000c\000i\000a\000l\000i\000s\000t\000\040\000q\000u\000a\000l\000i\000t\000y\000'\000'\000\040\000c\000l\000a\000i\000m}{section.14}% 64
